default 1
timeout     30
color cyan/blue white/blue
splashimage /boot/grub/splash.xpm.gz

title		Live:
root


title		Webconverger - FR
kernel		/live/vmlinuz-2.6.26-1-486 boot=live quiet homepage=http://cooperation-iws.gensys-net.eu/ nosudo splash vga=791 username=webc hostname=webconverger union=aufs locale=fr_FR.UTF-8 keyb=fr
initrd		/live/initrd.img-2.6.26-1-486
title		Webconverger - UK
kernel		/live/vmlinuz-2.6.26-1-486 boot=live quiet homepage=http://cooperation-iws.gensys-net.eu/ nosudo splash vga=791 username=webc hostname=webconverger union=aufs locale=en_GB.UTF-8 keyb=uk
initrd		/live/initrd.img-2.6.26-1-486
title		Webconverger - DE
kernel		/live/vmlinuz-2.6.26-1-486 boot=live quiet homepage=http://cooperation-iws.gensys-net.eu/ nosudo splash vga=791 username=webc hostname=webconverger union=aufs locale=de_DE.UTF-8 keyb=de
initrd		/live/initrd.img-2.6.26-1-486
title		Webconverger - ES
kernel		/live/vmlinuz-2.6.26-1-486 boot=live quiet homepage=http://cooperation-iws.gensys-net.eu/ nosudo splash vga=791 username=webc hostname=webconverger union=aufs locale=es keyb=es
initrd		/live/initrd.img-2.6.26-1-486
title		Webconverger - SV
kernel		/live/vmlinuz-2.6.26-1-486 boot=live quiet homepage=http://cooperation-iws.gensys-net.eu/ nosudo splash vga=791 username=webc hostname=webconverger union=aufs locale=sv_SE.UTF-8 
initrd		/live/initrd.img-2.6.26-1-486
title		Webconverger - IT
kernel		/live/vmlinuz-2.6.26-1-486 boot=live quiet homepage=http://cooperation-iws.gensys-net.eu/ nosudo splash vga=791 username=webc hostname=webconverger union=aufs locale=it_IT.UTF-8 keyb=it
initrd		/live/initrd.img-2.6.26-1-486
title		Webconverger - PT
kernel		/live/vmlinuz-2.6.26-1-486 boot=live quiet homepage=http://cooperation-iws.gensys-net.eu/ nosudo splash vga=791 username=webc hostname=webconverger union=aufs locale=pt_PT.UTF-8 keyb=es
initrd		/live/initrd.img-2.6.26-1-486

title		Install Webconverger
kernel		/install/gtk/vmlinuz auto=true priority=critical video=vesa:ywrap,mtrr vga=788 quiet auto locale=en_US languagechooser/language-name=English DEBCONF_PRIORITY=critical file=/cdrom/install/preseed.cfg interface=auto -- quiet
initrd		/install/gtk/initrd.gz

