default 1
timeout     30
color cyan/blue white/blue
splashimage /boot/grub/splash.xpm.gz

title		Live:
root


title		Webconverger China
kernel		/live/vmlinuz-2.6.26-1-486 boot=live quiet homepage=http://cooperation-iws.gensys-net.eu/ nosudo splash vga=791 username=webc hostname=webconverger union=aufs locale=zh_CN.UTF-8 keyb=zh
initrd		/live/initrd.img-2.6.26-1-486
title		Webconverger Japan
kernel		/live/vmlinuz-2.6.26-1-486 boot=live quiet homepage=http://cooperation-iws.gensys-net.eu/ nosudo splash vga=791 username=webc hostname=webconverger union=aufs locale=ja_JP.UTF-8
initrd		/live/initrd.img-2.6.26-1-486
title		Webconverger Korea
kernel		/live/vmlinuz-2.6.26-1-486 boot=live quiet homepage=http://cooperation-iws.gensys-net.eu/ nosudo splash vga=791 username=webc hostname=webconverger union=aufs locale=ko_KR.UTF-8
initrd		/live/initrd.img-2.6.26-1-486
title		Webconverger Vietnam
kernel		/live/vmlinuz-2.6.26-1-486 boot=live quiet homepage=http://cooperation-iws.gensys-net.eu/ nosudo splash vga=791 username=webc hostname=webconverger union=aufs locale=vi_VN.UTF-8
initrd		/live/initrd.img-2.6.26-1-486
title		Webconverger Thaï
kernel		/live/vmlinuz-2.6.26-1-486 boot=live quiet homepage=http://cooperation-iws.gensys-net.eu/ nosudo splash vga=791 username=webc hostname=webconverger union=aufs locale=th_TH.UTF-8
initrd		/live/initrd.img-2.6.26-1-486
title		Install Webconverger
kernel		/install/gtk/vmlinuz auto=true priority=critical video=vesa:ywrap,mtrr vga=788 quiet auto locale=en_US languagechooser/language-name=English DEBCONF_PRIORITY=critical file=/cdrom/install/preseed.cfg interface=auto -- quiet
initrd		/install/gtk/initrd.gz

